<?xml version="1.0" encoding="UTF-8"?>
<!-- Generated by org.testng.reporters.JUnitReportReporter -->
<testsuite skipped="0" hostname="subhadeeps-mbp.lan" name="launchChrome.TC001_Using_Chrome" tests="1" failures="0" timestamp="12 Aug 2019 02:34:14 GMT" time="6.866" errors="0">
  <testcase name="setup" time="6.866" classname="launchChrome.TC001_Using_Chrome"/>
</testsuite> <!-- launchChrome.TC001_Using_Chrome -->
